<?xml version="1.0" encoding="UTF-8"?>
<!-- Generated by org.testng.reporters.JUnitReportReporter -->
<testsuite hostname="BM533KJR2" failures="0" tests="1" name="com.t7.model.BaseClass" time="0.004" errors="0" timestamp="10 Jul 2019 12:44:45 GMT" skipped="0">
  <testcase classname="com.t7.model.BaseClass" name="test" time="0.004"/>
</testsuite> <!-- com.t7.model.BaseClass -->
