<?xml version="1.0" encoding="UTF-8"?>
<!-- Generated by org.testng.reporters.JUnitReportReporter -->
<testsuite hostname="BM533KJR2" failures="0" tests="1" name="com.t7.personamodeler.LoginTest" time="0.006" errors="0" timestamp="30 Jul 2019 06:06:24 GMT" skipped="0">
  <testcase classname="com.t7.personamodeler.LoginTest" name="login" time="0.006"/>
</testsuite> <!-- com.t7.personamodeler.LoginTest -->
